MPChartLib/build/outputs/logs/manifest-merger-release-report.txt
-- Merging decision tree log ---
manifest
ADDED from 02_App_Android\MPChartLib\AndroidManifest.xml:2:1-13:12
INJECTED from 02_App_Android\MPChartLib\AndroidManifest.xml:2:1-13:12
INJECTED from 02_App_Android\MPChartLib\AndroidManifest.xml:2:1-13:12
INJECTED from 02_App_Android\MPChartLib\AndroidManifest.xml:2:1-13:12
INJECTED from 02_App_Android\MPChartLib\AndroidManifest.xml:2:1-13:12
INJECTED from 02_App_Android\MPChartLib\AndroidManifest.xml:2:1-13:12
INJECTED from 02_App_Android\MPChartLib\AndroidManifest.xml:2:1-13:12
	package
		ADDED from 02_App_Android\MPChartLib\AndroidManifest.xml:2:11-49
		INJECTED from 02_App_Android\MPChartLib\AndroidManifest.xml
		INJECTED from 02_App_Android\MPChartLib\AndroidManifest.xml
	android:versionName
		INJECTED from 02_App_Android\MPChartLib\AndroidManifest.xml
		ADDED from 02_App_Android\MPChartLib\AndroidManifest.xml:2:1-13:12
		INJECTED from 02_App_Android\MPChartLib\AndroidManifest.xml
	xmlns:android
		ADDED from 02_App_Android\MPChartLib\AndroidManifest.xml:2:1-13:12
	android:versionCode
		INJECTED from 02_App_Android\MPChartLib\AndroidManifest.xml
		ADDED from 02_App_Android\MPChartLib\AndroidManifest.xml:2:1-13:12
		INJECTED from 02_App_Android\MPChartLib\AndroidManifest.xml
uses-sdk
INJECTED from 02_App_Android\MPChartLib\AndroidManifest.xml reason: use-sdk injection requested
INJECTED from 02_App_Android\MPChartLib\AndroidManifest.xml
INJECTED from 02_App_Android\MPChartLib\AndroidManifest.xml
INJECTED from 02_App_Android\MPChartLib\AndroidManifest.xml
INJECTED from 02_App_Android\MPChartLib\AndroidManifest.xml
	android:targetSdkVersion
		INJECTED from 02_App_Android\MPChartLib\AndroidManifest.xml
		ADDED from 02_App_Android\MPChartLib\AndroidManifest.xml
		INJECTED from 02_App_Android\MPChartLib\AndroidManifest.xml
	android:minSdkVersion
		INJECTED from 02_App_Android\MPChartLib\AndroidManifest.xml
		ADDED from 02_App_Android\MPChartLib\AndroidManifest.xml
		INJECTED from 02_App_Android\MPChartLib\AndroidManifest.xml